2026-06-26 06:19:20 [scrapy.middleware] INFO: Enabled downloader middlewares:
['scrapy.downloadermiddlewares.offsite.OffsiteMiddleware',
 'scrapy.downloadermiddlewares.robotstxt.RobotsTxtMiddleware',
 'scrapy.downloadermiddlewares.httpauth.HttpAuthMiddleware',
 'scrapy.downloadermiddlewares.downloadtimeout.DownloadTimeoutMiddleware',
 'scrapy.downloadermiddlewares.defaultheaders.DefaultHeadersMiddleware',
 'NodeScrapy.middlewares.RandomUserAgentMiddleware',
 'scrapy.downloadermiddlewares.useragent.UserAgentMiddleware',
 'scrapy.downloadermiddlewares.retry.RetryMiddleware',
 'scrapy.downloadermiddlewares.redirect.MetaRefreshMiddleware',
 'scrapy.downloadermiddlewares.httpcompression.HttpCompressionMiddleware',
 'scrapy.downloadermiddlewares.redirect.RedirectMiddleware',
 'scrapy.downloadermiddlewares.cookies.CookiesMiddleware',
 'scrapy.downloadermiddlewares.httpproxy.HttpProxyMiddleware',
 'scrapy.downloadermiddlewares.stats.DownloaderStats']
2026-06-26 06:19:20 [py.warnings] WARNING: /opt/hostedtoolcache/Python/3.11.15/x64/lib/python3.11/site-packages/scrapy/core/downloader/middleware.py:46: ScrapyDeprecationWarning: RandomUserAgentMiddleware.process_request() requires a spider argument, this is deprecated and the argument will not be passed in future Scrapy versions. If you need to access the spider instance you can save the crawler instance passed to from_crawler() and use its spider attribute.
  self._check_mw_method_spider_arg(mw.process_request)

2026-06-26 06:19:20 [scrapy.middleware] INFO: Enabled spider middlewares:
['scrapy.spidermiddlewares.start.StartSpiderMiddleware',
 'scrapy.spidermiddlewares.httperror.HttpErrorMiddleware',
 'scrapy.spidermiddlewares.referer.RefererMiddleware',
 'scrapy.spidermiddlewares.urllength.UrlLengthMiddleware',
 'scrapy.spidermiddlewares.depth.DepthMiddleware']
2026-06-26 06:19:20 [scrapy.middleware] INFO: Enabled item pipelines:
['NodeScrapy.pipelines.Pipeline']
2026-06-26 06:19:20 [py.warnings] WARNING: /opt/hostedtoolcache/Python/3.11.15/x64/lib/python3.11/site-packages/scrapy/pipelines/__init__.py:43: ScrapyDeprecationWarning: Pipeline.open_spider() requires a spider argument, this is deprecated and the argument will not be passed in future Scrapy versions. If you need to access the spider instance you can save the crawler instance passed to from_crawler() and use its spider attribute.
  self._check_mw_method_spider_arg(mw.open_spider)

2026-06-26 06:19:20 [py.warnings] WARNING: /opt/hostedtoolcache/Python/3.11.15/x64/lib/python3.11/site-packages/scrapy/pipelines/__init__.py:46: ScrapyDeprecationWarning: Pipeline.close_spider() requires a spider argument, this is deprecated and the argument will not be passed in future Scrapy versions. If you need to access the spider instance you can save the crawler instance passed to from_crawler() and use its spider attribute.
  self._check_mw_method_spider_arg(mw.close_spider)

2026-06-26 06:19:20 [py.warnings] WARNING: /opt/hostedtoolcache/Python/3.11.15/x64/lib/python3.11/site-packages/scrapy/pipelines/__init__.py:49: ScrapyDeprecationWarning: Pipeline.process_item() requires a spider argument, this is deprecated and the argument will not be passed in future Scrapy versions. If you need to access the spider instance you can save the crawler instance passed to from_crawler() and use its spider attribute.
  self._check_mw_method_spider_arg(mw.process_item)

2026-06-26 06:19:20 [scrapy.core.engine] INFO: Spider opened
2026-06-26 06:19:20 [scrapy.extensions.logstats] INFO: Crawled 0 pages (at 0 pages/min), scraped 0 items (at 0 items/min)
2026-06-26 06:19:20 [scrapy.extensions.telnet] INFO: Telnet console listening on 127.0.0.1:6023
2026-06-26 06:19:20 [scrapy.core.engine] INFO: Closing spider (finished)
2026-06-26 06:19:20 [scrapy.statscollectors] INFO: Dumping Scrapy stats:
{'elapsed_time_seconds': 0.002104828000028647,
 'finish_reason': 'finished',
 'finish_time': datetime.datetime(2026, 6, 26, 6, 19, 20, 585671, tzinfo=datetime.timezone.utc),
 'items_per_minute': None,
 'log_count/INFO': 3,
 'memusage/max': 247181312,
 'memusage/startup': 247181312,
 'responses_per_minute': None,
 'start_time': datetime.datetime(2026, 6, 26, 6, 19, 20, 583562, tzinfo=datetime.timezone.utc)}
2026-06-26 06:19:20 [scrapy.core.engine] INFO: Spider closed (finished)
2026-06-26 06:19:39 [scrapy.addons] INFO: Enabled addons:
[]
2026-06-26 06:19:39 [scrapy.extensions.telnet] INFO: Telnet Password: c51c78b77cfe8adb
2026-06-26 06:19:39 [scrapy.middleware] INFO: Enabled extensions:
['scrapy.extensions.corestats.CoreStats',
 'scrapy.extensions.logcount.LogCount',
 'scrapy.extensions.telnet.TelnetConsole',
 'scrapy.extensions.memusage.MemoryUsage',
 'scrapy.extensions.logstats.LogStats']
2026-06-26 06:19:39 [scrapy.crawler] INFO: Overridden settings:
{'BOT_NAME': 'NodeScrapy',
 'FEED_EXPORT_ENCODING': 'utf-8',
 'LOG_FILE': 'scrapy.log',
 'LOG_LEVEL': 'INFO',
 'NEWSPIDER_MODULE': 'NodeScrapy.spiders',
 'ROBOTSTXT_OBEY': True,
 'SPIDER_MODULES': ['NodeScrapy.spiders']}
2026-06-26 06:19:40 [scrapy.middleware] INFO: Enabled downloader middlewares:
['scrapy.downloadermiddlewares.offsite.OffsiteMiddleware',
 'scrapy.downloadermiddlewares.robotstxt.RobotsTxtMiddleware',
 'scrapy.downloadermiddlewares.httpauth.HttpAuthMiddleware',
 'scrapy.downloadermiddlewares.downloadtimeout.DownloadTimeoutMiddleware',
 'scrapy.downloadermiddlewares.defaultheaders.DefaultHeadersMiddleware',
 'NodeScrapy.middlewares.RandomUserAgentMiddleware',
 'scrapy.downloadermiddlewares.useragent.UserAgentMiddleware',
 'scrapy.downloadermiddlewares.retry.RetryMiddleware',
 'scrapy.downloadermiddlewares.redirect.MetaRefreshMiddleware',
 'scrapy.downloadermiddlewares.httpcompression.HttpCompressionMiddleware',
 'scrapy.downloadermiddlewares.redirect.RedirectMiddleware',
 'scrapy.downloadermiddlewares.cookies.CookiesMiddleware',
 'scrapy.downloadermiddlewares.httpproxy.HttpProxyMiddleware',
 'scrapy.downloadermiddlewares.stats.DownloaderStats']
2026-06-26 06:19:40 [py.warnings] WARNING: /opt/hostedtoolcache/Python/3.11.15/x64/lib/python3.11/site-packages/scrapy/core/downloader/middleware.py:46: ScrapyDeprecationWarning: RandomUserAgentMiddleware.process_request() requires a spider argument, this is deprecated and the argument will not be passed in future Scrapy versions. If you need to access the spider instance you can save the crawler instance passed to from_crawler() and use its spider attribute.
  self._check_mw_method_spider_arg(mw.process_request)

2026-06-26 06:19:40 [scrapy.middleware] INFO: Enabled spider middlewares:
['scrapy.spidermiddlewares.start.StartSpiderMiddleware',
 'scrapy.spidermiddlewares.httperror.HttpErrorMiddleware',
 'scrapy.spidermiddlewares.referer.RefererMiddleware',
 'scrapy.spidermiddlewares.urllength.UrlLengthMiddleware',
 'scrapy.spidermiddlewares.depth.DepthMiddleware']
2026-06-26 06:19:40 [scrapy.middleware] INFO: Enabled item pipelines:
['NodeScrapy.pipelines.Pipeline']
2026-06-26 06:19:40 [py.warnings] WARNING: /opt/hostedtoolcache/Python/3.11.15/x64/lib/python3.11/site-packages/scrapy/pipelines/__init__.py:43: ScrapyDeprecationWarning: Pipeline.open_spider() requires a spider argument, this is deprecated and the argument will not be passed in future Scrapy versions. If you need to access the spider instance you can save the crawler instance passed to from_crawler() and use its spider attribute.
  self._check_mw_method_spider_arg(mw.open_spider)

2026-06-26 06:19:40 [py.warnings] WARNING: /opt/hostedtoolcache/Python/3.11.15/x64/lib/python3.11/site-packages/scrapy/pipelines/__init__.py:46: ScrapyDeprecationWarning: Pipeline.close_spider() requires a spider argument, this is deprecated and the argument will not be passed in future Scrapy versions. If you need to access the spider instance you can save the crawler instance passed to from_crawler() and use its spider attribute.
  self._check_mw_method_spider_arg(mw.close_spider)

2026-06-26 06:19:40 [py.warnings] WARNING: /opt/hostedtoolcache/Python/3.11.15/x64/lib/python3.11/site-packages/scrapy/pipelines/__init__.py:49: ScrapyDeprecationWarning: Pipeline.process_item() requires a spider argument, this is deprecated and the argument will not be passed in future Scrapy versions. If you need to access the spider instance you can save the crawler instance passed to from_crawler() and use its spider attribute.
  self._check_mw_method_spider_arg(mw.process_item)

2026-06-26 06:19:40 [scrapy.core.engine] INFO: Spider opened
2026-06-26 06:19:40 [scrapy.extensions.logstats] INFO: Crawled 0 pages (at 0 pages/min), scraped 0 items (at 0 items/min)
2026-06-26 06:19:40 [scrapy.extensions.telnet] INFO: Telnet console listening on 127.0.0.1:6023
2026-06-26 06:19:40 [scrapy.core.engine] INFO: Closing spider (finished)
2026-06-26 06:19:40 [scrapy.statscollectors] INFO: Dumping Scrapy stats:
{'elapsed_time_seconds': 0.06348279100001264,
 'finish_reason': 'finished',
 'finish_time': datetime.datetime(2026, 6, 26, 6, 19, 40, 351284, tzinfo=datetime.timezone.utc),
 'items_per_minute': None,
 'log_count/INFO': 3,
 'memusage/max': 245673984,
 'memusage/startup': 245673984,
 'responses_per_minute': None,
 'start_time': datetime.datetime(2026, 6, 26, 6, 19, 40, 287837, tzinfo=datetime.timezone.utc)}
2026-06-26 06:19:40 [scrapy.core.engine] INFO: Spider closed (finished)
